2025-02-26 07:53:21 [INFO] gpu_settings: GPU监控设置保存成功
2025-02-26 07:53:21 [INFO] gpu_settings: GPU监控设置加载成功
2025-02-26 07:53:37 [INFO] gpu_settings: GPU监控设置保存成功
2025-02-26 07:53:37 [INFO] gpu_settings: GPU监控设置保存成功
2025-02-26 07:53:39 [INFO] gpu_settings: GPU监控设置保存成功
2025-02-26 07:58:25 [INFO] gpu_settings: GPU监控设置保存成功
2025-02-26 07:58:25 [INFO] gpu_settings: GPU监控设置加载成功
2025-02-26 08:04:43 [INFO] gpu_settings: GPU监控设置保存成功
2025-02-26 08:04:43 [INFO] gpu_settings: GPU监控设置加载成功
2025-02-26 08:05:26 [INFO] gpu_settings: 服务器连接测试成功: 10.255.0.75
2025-02-26 08:07:39 [INFO] gpu_settings: GPU监控设置保存成功
2025-02-26 08:07:39 [INFO] gpu_settings: GPU监控设置加载成功
2025-02-26 08:08:14 [INFO] gpu_settings: 服务器连接测试成功: 10.255.0.75
2025-02-26 08:10:12 [INFO] gpu_settings: GPU监控设置保存成功
2025-02-26 08:10:12 [INFO] gpu_settings: GPU监控设置加载成功
2025-02-26 08:15:27 [INFO] gpu_settings: GPU监控设置保存成功
2025-02-26 08:15:27 [INFO] gpu_settings: GPU监控设置加载成功
2025-02-26 08:18:22 [INFO] gpu_settings: GPU监控设置保存成功
2025-02-26 08:18:22 [INFO] gpu_settings: GPU监控设置加载成功
2025-02-26 08:19:20 [INFO] gpu_settings: 服务器连接测试成功: 10.255.0.75
2025-02-26 08:25:44 [INFO] gpu_settings: GPU监控设置保存成功
2025-02-26 08:25:44 [ERROR] gpu_settings: 加载GPU监控设置失败: arguments did not match any overloaded call:
  addItem(self, aitem: Optional[QListWidgetItem]): argument 1 has unexpected type 'str'
  addItem(self, label: Optional[str]): too many arguments
2025-02-26 08:28:27 [INFO] gpu_settings: GPU监控设置保存成功
2025-02-26 08:28:27 [INFO] gpu_settings: GPU监控设置加载成功
2025-02-26 08:28:57 [INFO] gpu_settings: 服务器连接测试成功: 10.255.0.75
2025-02-26 08:31:56 [INFO] gpu_settings: GPU监控设置保存成功
2025-02-26 08:31:56 [INFO] gpu_settings: GPU监控设置加载成功
2025-02-26 08:32:20 [ERROR] gpu_settings: 编辑服务器失败: list index out of range
2025-02-26 08:32:24 [ERROR] gpu_settings: 编辑服务器失败: list index out of range
2025-02-26 08:32:58 [INFO] gpu_settings: GPU监控设置保存成功
2025-02-26 08:32:58 [INFO] gpu_settings: GPU监控设置加载成功
2025-02-26 08:37:00 [INFO] gpu_settings: GPU监控设置保存成功
2025-02-26 08:37:00 [INFO] gpu_settings: GPU监控设置加载成功
2025-02-26 08:45:00 [INFO] gpu_settings: GPU监控设置保存成功
2025-02-26 08:45:00 [INFO] gpu_settings: GPU监控设置加载成功
2025-02-26 08:49:29 [INFO] gpu_settings: GPU监控设置保存成功
2025-02-26 08:49:29 [INFO] gpu_settings: GPU监控设置加载成功
2025-02-26 08:54:27 [INFO] gpu_settings: GPU监控设置保存成功
2025-02-26 08:54:27 [INFO] gpu_settings: GPU监控设置加载成功
2025-02-26 08:57:09 [INFO] gpu_settings: GPU监控设置保存成功
2025-02-26 08:57:09 [INFO] gpu_settings: GPU监控设置加载成功
2025-02-26 08:59:26 [INFO] gpu_settings: GPU监控设置保存成功
2025-02-26 08:59:26 [INFO] gpu_settings: GPU监控设置加载成功
2025-02-26 09:04:54 [INFO] gpu_settings: GPU监控设置保存成功
2025-02-26 09:04:54 [INFO] gpu_settings: GPU监控设置加载成功
2025-02-26 09:07:23 [INFO] gpu_settings: GPU监控设置保存成功
2025-02-26 09:07:23 [INFO] gpu_settings: GPU监控设置加载成功
2025-02-26 09:17:42 [INFO] gpu_settings: GPU监控设置保存成功
2025-02-26 09:17:42 [INFO] gpu_settings: GPU监控设置加载成功
2025-02-26 09:26:00 [INFO] gpu_settings: 删除GPU服务器成功: 默认服务器
2025-02-26 09:46:11 [INFO] gpu_settings: 添加GPU服务器成功: 10.255.0.75
