2025-02-25 23:17:13 [INFO] gui: 主窗口初始化完成
2025-02-25 23:20:00 [INFO] gui: 主窗口初始化完成
2025-02-25 23:23:11 [INFO] gui: 主窗口初始化完成
2025-02-25 23:26:32 [INFO] gui: 主窗口初始化完成
2025-02-25 23:27:54 [INFO] gui: 主窗口初始化完成
2025-02-25 23:30:29 [INFO] gui: 主窗口初始化完成
2025-02-25 23:32:30 [INFO] gui: 主窗口初始化完成
2025-02-25 23:33:42 [INFO] gui: 主窗口初始化完成
2025-02-25 23:41:02 [INFO] gui: 主窗口初始化完成
2025-02-25 23:45:37 [INFO] gui: 主窗口初始化完成
2025-02-25 23:46:14 [INFO] gui: 主窗口初始化完成
2025-02-25 23:55:10 [INFO] gui: 主窗口初始化完成
2025-02-26 00:01:56 [INFO] gui: 主窗口初始化完成
2025-02-26 00:07:09 [INFO] gui: 主窗口初始化完成
2025-02-26 00:09:02 [INFO] gui: 主窗口初始化完成
2025-02-26 00:11:17 [INFO] gui: 主窗口初始化完成
2025-02-26 00:15:26 [INFO] gui: 主窗口初始化完成
2025-02-26 00:21:31 [INFO] gui: 主窗口初始化完成
2025-02-26 00:21:43 [INFO] gui: 主窗口初始化完成
2025-02-26 00:23:41 [INFO] gui: 主窗口初始化完成
2025-02-26 00:27:02 [INFO] gui: 主窗口初始化完成
2025-02-26 00:31:57 [INFO] gui: 主窗口初始化完成
2025-02-26 00:36:37 [INFO] gui: 主窗口初始化完成
2025-02-26 00:44:11 [INFO] gui: 主窗口初始化完成
2025-02-26 00:53:59 [INFO] gui: 主窗口初始化完成
2025-02-26 06:26:17 [INFO] gui: 主窗口初始化完成
2025-02-26 06:28:44 [INFO] gui: 主窗口初始化完成
2025-02-26 06:31:31 [INFO] gui: 主窗口初始化完成
2025-02-26 06:54:38 [INFO] gui: 主窗口初始化完成
2025-02-26 06:56:42 [INFO] gui: 主窗口初始化完成
2025-02-26 06:58:13 [INFO] gui: 主窗口初始化完成
2025-02-26 07:00:36 [INFO] gui: 主窗口初始化完成
2025-02-26 07:02:48 [INFO] gui: 主窗口初始化完成
2025-02-26 07:05:20 [INFO] gui: 主窗口初始化完成
2025-02-26 07:08:38 [INFO] gui: 主窗口初始化完成
2025-02-26 07:09:34 [INFO] gui: 主窗口初始化完成
2025-02-26 07:15:15 [INFO] gui: 主窗口初始化完成
2025-02-26 07:16:45 [INFO] gui: 主窗口初始化完成
2025-02-26 07:17:50 [INFO] gui: 主窗口初始化完成
2025-02-26 07:20:12 [INFO] gui: 主窗口初始化完成
2025-02-26 07:23:40 [INFO] gui: 主窗口初始化完成
2025-02-26 07:27:47 [INFO] gui: 主窗口初始化完成
2025-02-26 07:50:03 [INFO] gui: 窗口关闭事件被触发
2025-02-26 07:50:04 [INFO] gui: 用户取消退出
2025-02-26 07:50:08 [INFO] gui: 窗口关闭事件被触发
2025-02-26 07:50:10 [INFO] gui: 用户确认退出程序
2025-02-26 07:50:10 [INFO] gui: 程序即将退出
2025-02-26 07:53:21 [INFO] gui: 主窗口初始化完成
2025-02-26 07:54:51 [INFO] gui: 窗口关闭事件被触发
2025-02-26 07:54:53 [INFO] gui: 用户确认退出程序
2025-02-26 07:54:53 [INFO] gui: 程序即将退出
2025-02-26 07:58:25 [INFO] gui: 主窗口初始化完成
2025-02-26 07:58:53 [INFO] gui: 窗口关闭事件被触发
2025-02-26 07:58:54 [INFO] gui: 用户确认退出程序
2025-02-26 07:58:54 [INFO] gui: 程序即将退出
2025-02-26 08:04:43 [INFO] gui: 主窗口初始化完成
2025-02-26 08:06:31 [INFO] gui: 窗口关闭事件被触发
2025-02-26 08:06:33 [INFO] gui: 用户确认退出程序
2025-02-26 08:06:33 [INFO] gui: 程序即将退出
2025-02-26 08:07:39 [INFO] gui: 主窗口初始化完成
2025-02-26 08:10:12 [INFO] gui: 主窗口初始化完成
2025-02-26 08:15:16 [INFO] gui: 窗口关闭事件被触发
2025-02-26 08:15:18 [INFO] gui: 用户确认退出程序
2025-02-26 08:15:18 [INFO] gui: 程序即将退出
2025-02-26 08:15:27 [INFO] gui: 主窗口初始化完成
2025-02-26 08:18:10 [INFO] gui: 窗口关闭事件被触发
2025-02-26 08:18:11 [INFO] gui: 用户确认退出程序
2025-02-26 08:18:11 [INFO] gui: 程序即将退出
2025-02-26 08:18:22 [INFO] gui: 主窗口初始化完成
2025-02-26 08:25:34 [INFO] gui: 窗口关闭事件被触发
2025-02-26 08:25:36 [INFO] gui: 用户确认退出程序
2025-02-26 08:25:36 [INFO] gui: 程序即将退出
2025-02-26 08:25:57 [INFO] gui: 主窗口初始化完成
2025-02-26 08:26:01 [INFO] gui: 窗口关闭事件被触发
2025-02-26 08:26:03 [INFO] gui: 用户确认退出程序
2025-02-26 08:26:03 [INFO] gui: 程序即将退出
2025-02-26 08:28:27 [INFO] gui: 主窗口初始化完成
2025-02-26 08:31:56 [INFO] gui: 主窗口初始化完成
2025-02-26 08:32:58 [INFO] gui: 主窗口初始化完成
2025-02-26 08:37:00 [INFO] gui: 主窗口初始化完成
2025-02-26 08:45:00 [INFO] gui: 主窗口初始化完成
2025-02-26 08:46:23 [INFO] gui: 窗口关闭事件被触发
2025-02-26 08:46:42 [INFO] gui: 用户确认退出程序
2025-02-26 08:46:42 [INFO] gui: 程序即将退出
2025-02-26 08:49:29 [INFO] gui: 主窗口初始化完成
2025-02-26 08:50:20 [INFO] gui: 窗口关闭事件被触发
2025-02-26 08:50:26 [INFO] gui: 用户确认退出程序
2025-02-26 08:50:26 [INFO] gui: 程序即将退出
2025-02-26 08:54:27 [INFO] gui: 主窗口初始化完成
2025-02-26 08:57:09 [INFO] gui: 主窗口初始化完成
2025-02-26 08:59:26 [INFO] gui: 主窗口初始化完成
2025-02-26 09:04:54 [INFO] gui: 主窗口初始化完成
2025-02-26 09:07:23 [INFO] gui: 主窗口初始化完成
2025-02-26 09:08:56 [INFO] gui: 窗口关闭事件被触发
2025-02-26 09:09:06 [INFO] gui: 用户确认退出程序
2025-02-26 09:09:06 [INFO] gui: 程序即将退出
2025-02-26 09:17:42 [INFO] gui: 主窗口初始化完成
2025-02-26 09:25:32 [INFO] gui: 主窗口初始化完成
2025-02-26 09:29:31 [INFO] gui: 窗口关闭事件被触发
2025-02-26 09:29:34 [INFO] gui: 用户确认退出程序
2025-02-26 09:29:34 [INFO] gui: 程序即将退出
2025-02-26 09:29:42 [INFO] gui: 主窗口初始化完成
2025-02-26 09:33:08 [INFO] gui: 窗口关闭事件被触发
2025-02-26 09:33:09 [INFO] gui: 用户确认退出程序
2025-02-26 09:33:09 [INFO] gui: 程序即将退出
2025-02-26 09:33:16 [INFO] gui: 主窗口初始化完成
2025-02-26 09:41:06 [INFO] gui: 主窗口初始化完成
2025-02-26 09:45:00 [INFO] gui: 主窗口初始化完成
2025-02-26 09:50:54 [INFO] gui: 主窗口初始化完成
2025-02-26 09:55:13 [INFO] gui: 主窗口初始化完成
2025-02-26 09:55:32 [INFO] gui: 窗口关闭事件被触发
2025-02-26 09:55:33 [INFO] gui: 用户确认退出程序
2025-02-26 09:55:33 [INFO] gui: 程序即将退出
2025-02-26 10:15:56 [INFO] gui: 主窗口初始化完成
2025-02-26 10:15:56 [INFO] gui: 主窗口初始化完成
2025-02-26 10:15:56 [INFO] gui: GPU监控已启动
2025-02-26 10:17:02 [INFO] gui: 主窗口初始化完成
2025-02-26 10:17:21 [INFO] gui: 窗口关闭事件被触发
2025-02-26 10:17:22 [INFO] gui: 用户确认退出程序
2025-02-26 10:17:22 [INFO] gui: 程序即将退出
2025-02-26 10:24:56 [INFO] gui: 主窗口初始化完成
2025-02-26 10:27:47 [INFO] gui: 窗口关闭事件被触发
2025-02-26 10:27:49 [INFO] gui: 用户确认退出程序
2025-02-26 10:27:49 [INFO] gui: 程序即将退出
2025-02-26 10:28:57 [INFO] gui: 主窗口初始化完成
2025-02-26 10:31:09 [INFO] gui: 窗口关闭事件被触发
2025-02-26 10:31:10 [INFO] gui: 用户确认退出程序
2025-02-26 10:31:10 [INFO] gui: 程序即将退出
2025-02-26 10:31:14 [INFO] gui: 主窗口初始化完成
